null device 
          1 
null device 
          1 

R version 3.5.1 (2018-07-02) -- "Feather Spray"
Copyright (C) 2018 The R Foundation for Statistical Computing
Platform: x86_64-conda_cos6-linux-gnu (64-bit)

R is free software and comes with ABSOLUTELY NO WARRANTY.
You are welcome to redistribute it under certain conditions.
Type 'license()' or 'licence()' for distribution details.

R is a collaborative project with many contributors.
Type 'contributors()' for more information and
'citation()' on how to cite R or R packages in publications.

Type 'demo()' for some demos, 'help()' for on-line help, or
'help.start()' for an HTML browser interface to help.
Type 'q()' to quit R.

> load("QCPeakPlot.RData");rmarkdown::render('QC_Peaks_Report.rmd',output_file='QC_Peaks_Report_rank.html')
  |                                                                         |                                                                 |   0%  |                                                                         |...........                                                      |  17%
  ordinary text without R code

  |                                                                         |......................                                           |  33%
label: setup (with options) 
List of 2
 $ include: logi TRUE
 $ echo   : logi FALSE

  |                                                                         |................................                                 |  50%
  ordinary text without R code

  |                                                                         |...........................................                      |  67%
label: Distribution (with options) 
List of 1
 $ echo: logi FALSE

  |                                                                         |......................................................           |  83%
  ordinary text without R code

  |                                                                         |.................................................................| 100%
label: motif (with options) 
List of 1
 $ echo: logi FALSE


/opt/conda/envs/nf-core-meripseqpipe-1.0dev/bin/pandoc +RTS -K512m -RTS QC_Peaks_Report.utf8.md --to html4 --from markdown+autolink_bare_uris+ascii_identifiers+tex_math_single_backslash+smart --output QC_Peaks_Report_rank.html --email-obfuscation none --self-contained --standalone --section-divs --template /opt/conda/envs/nf-core-meripseqpipe-1.0dev/lib/R/library/rmarkdown/rmd/h/default.html --no-highlight --variable highlightjs=1 --variable 'theme:bootstrap' --include-in-header /tmp/RtmptvJc4w/rmarkdown-str30d7c269526.html --mathjax --variable 'mathjax-url:https://mathjax.rstudio.com/latest/MathJax.js?config=TeX-AMS-MML_HTMLorMML' 
> 
> 
